[CommunicationLog]
R [0A0F74C5] : 00000000000000000000000000000000000000000000000000000000000000B8400010F300B0000000000
S [0A0F7477] : (40)
R [0A0F63ED] : U
S [0A0F4DD5] : 0B
R [0A0F4DD5] : 0
S [0A0F49AE] : (0B)
R [0A0F4970] : 0
S [0A0F474D] : (07)
R [0A0F230B] : 00000000000000000000000000000000000000000000000000000000000000B8400010F0A740000000000
S [0A0F22CD] : (40)
R [0A0F228E] : 0
S [0A0F207B] : (07)
R [0A0F207B] : 0
S [0A0F202D] : (08)
R [0A0F202D] : 00000000000000000000000000000000000000000000000000000000000000B8400010F0A740000000000
S [0A0F200E] : (40)
R [0A0F1FFE] : 01
S [0A0F1FFE] : (34)
R [0A0F1FFE] : 010F0A74
S [0A0F1FDF] : (35)
R [0A0F1FDF] : 018026FFFFC000E000FFFF080382F08038211
S [0A0F1FDF] : (00)
R [0A0ECDE7] : 01
S [0A0ECDE7] : (34)
R [0A0ECDE7] : 010F0A74
S [0A0ECDD7] : (35)
