[CommunicationLog]
R [0A0BF0BF] : 00000000000000000000000000000000000000000000000000000000000000B8400010F0A740000000000
S [0A0BF090] : (40)
R [0A0BF081] : 0
S [0A0BF032] : (21)
R [0A0BF032] : 0
S [0A0BDD08] : 0B
R [0A0BDD08] : 0
S [0A0BD8F1] : (0B)
R [0A0BD8B3] : 0
S [0A0BD6A0] : (07)
R [0A0BBCAF] : 00000000000000000000000000000000000000000000000000000000000000B8400010F30090000000000
S [0A0BBC70] : (40)
R [0A0BBC32] : 0
S [0A0BBA1F] : (07)
R [0A0BBA1F] : 0
S [0A0BB9D1] : (08)
R [0A0BB9D1] : 00000000000000000000000000000000000000000000000000000000000000B8400010F30090000000000
S [0A0BB9A2] : (40)
R [0A0BB9A2] : 01
S [0A0BB9A2] : (34)
R [0A0BB9A2] : 010F3009
S [0A0BB982] : (35)
R [0A0BB982] : 018026FFFFC000E000FFFF080382F08038211
S [0A0BB973] : (00)
R [0A0AB6A9] : 01
S [0A0AB6A9] : (34)
R [0A0AB6A9] : 010F3009
S [0A0AB699] : (35)
