[CommunicationLog]
R [0A362D2F] : 00000000000000000000000000000000000000000000000000000000000000B8400010F09E90000000000
S [0A362CE1] : (40)
R [0A36161D] : U
S [0A360610] : 0B
R [0A360610] : 0
S [0A3601E9] : (0B)
R [0A3601AB] : 0
S [0A35FF98] : (07)
R [0A317482] : 00000000000000000000000000000000000000000000000000000000000000B8400010F300B0000000000
S [0A317433] : (40)
R [0A30ED50] : U
S [0A30D728] : 0B
R [0A30D728] : 0
S [0A30D302] : (0B)
R [0A30D2C3] : 0
S [0A30D0B0] : (07)
R [0A2F697F] : 00000000000000000000000000000000000000000000000000000000000000B8400010F30130000000000
S [0A2F6940] : (40)
R [0A2F3C54] : U
S [0A2F262D] : 0B
R [0A2F262D] : 0
S [0A2F2216] : (0B)
R [0A2F21D7] : 0
S [0A2F1FB4] : (07)
R [0A2CD7F7] : 00000000000000000000000000000000000000000000000000000000000000B8400010F300B0000000000
S [0A2CD7B8] : (40)
R [0A2CD77A] : 0
S [0A2CD567] : (07)
R [0A2CD567] : 0
S [0A2CD518] : (08)
R [0A2CD518] : 00000000000000000000000000000000000000000000000000000000000000B8400010F300B0000000000
S [0A2CD4EA] : (40)
R [0A2CD4EA] : 01
S [0A2CD4EA] : (34)
R [0A2CD4EA] : 010F300B
S [0A2CD4CA] : (35)
R [0A2CD4CA] : 018026FFFFC000E000FFFF080382F08038211
S [0A2CD4CA] : (00)
R [0A23D468] : 01
S [0A23D468] : (34)
R [0A23D468] : 010F300B
S [0A23D459] : (35)
