* R8C/Tiny,M16C/60 SERIES ASSEMBLER *   SOURCE LIST       Thu Jan 24 13:58:37 2008  PAGE 001

  SEQ.  LOC.   OBJ.              0XMSDA ....*....SOURCE STATEMENT....7....*....8....*....9....*....0....*....1....*....2....*....3....*....4

     1                                  ;*************************************************************************** ;
     2                                  ; C COMPILER for R8C/Tiny, M16C/60,30,20,10
     3                                  ; Copyright(C) 1999(2000-2004). Renesas Technology Corp.
     4                                  ; and Renesas Solutions Corp., All rights reserved.
     5                                  ;
     6                                  ;
     7                                  ; ncrt0.a30 : NC30 startup program
     8                                  ;
     9                                  ; This program is applicable when using the basic I/O library
    10                                  ;       
    11                                  ; $Id: ncrt0.a30,v 1.27.4.4 2004/10/29 14:06:38 simomura Exp $
    12                                  ;
    13                                  ;***************************************************************************
    14                                  
    15                                  ;--------------------------------------------------------------------
    16                                  ; set size of monitor area for FoUSB
    17                                  ;--------------------------------------------------------------------
    18                                  .if	_KD_
    19                            X     .if	_Firmware_space == 0
    20                            X     .else
    21                            X     .endif
    22                                  .endif
    23                                  ;---------------------------------------------------------------------
    24                                  ; HEEP SIZE definition
    25                                  ;---------------------------------------------------------------------
    26                                  .if	__HEAP__ == 1 
    27                                  .else
    28                                  
    29                                  .if	__HEAPSIZE__ == 0
    30                                  .else
    31  00000300h                       HEAPSIZE	.equ	__HEAPSIZE__
    32                                  .endif
    33                                  
    34                                  .endif
    35                                  
    36                                  ;---------------------------------------------------------------------
    37                                  ; STACK SIZE definition
    38                                  ;---------------------------------------------------------------------
    39                                  .if	__USTACKSIZE__ == 0
    40                            X     .if	__R8C__ != 1
    41                            X     .else
    42                            X     .endif
    43                                  .else
    44  00000300h                       STACKSIZE	.equ	__USTACKSIZE__
    45                                  .endif
    46                                  
    47                                  ;---------------------------------------------------------------------
    48                                  ; INTERRUPT STACK SIZE definition
    49                                  ;---------------------------------------------------------------------
    50                                  .if	__ISTACKSIZE__ == 0
    51                            X     .if	__R8C__ != 1
    52                            X     .else
    53                            X     .endif
    54                                  .else
    55  00000300h                       ISTACKSIZE	.equ	__ISTACKSIZE__
    56                                  .endif
    57                                  
    58                                  ;---------------------------------------------------------------------
    59                                  ; INTERRUPT VECTOR ADDRESS  definition
    60                                  ;---------------------------------------------------------------------
    61                                  .if	__R8C__ != 1
    62                                  .if	_KD_ == 1
* R8C/Tiny,M16C/60 SERIES ASSEMBLER *   SOURCE LIST       Thu Jan 24 13:58:37 2008  PAGE 002

  SEQ.  LOC.   OBJ.              0XMSDA ....*....SOURCE STATEMENT....7....*....8....*....9....*....0....*....1....*....2....*....3....*....4

    63                                  .else
    64  000FFD00h                       VECTOR_ADR 	.equ	0ffd00h
    65  000FFE00h                       SVECTOR_ADR 	.equ	0ffe00h
    66                                  .endif // _KD_
    67                                  .else
    68                                  .endif
    69                                  
    70                                  ;---------------------------------------------------------------------
    71                                  ; Section allocation
    72                                  ;---------------------------------------------------------------------
    73                                  	.list OFF
    74                                  	.list ON
    75                                  
    76                                  ;---------------------------------------------------------------------
    77                                  ; SBDATA area definition
    78                                  ;---------------------------------------------------------------------
    79                                  	.glb	__SB__
    80  00000500h                       __SB__	.equ	data_SE_top
    81                                  
    82                                  ;====================================================================
    83                                  ; Initialize Macro declaration
    84                                  ;---------------------------------------------------------------------
    85                             D    N_BZERO	.macro	TOP_ ,SECT_
    86                             D    	mov.b	#00H, R0L
    87                             D    	mov.w	#(TOP_ & 0FFFFH), A1
    88                             D    	mov.w	#sizeof SECT_ , R3
    89                             D    	sstr.b	
    90                                  	.endm
    91                                  
    92                             D    N_BCOPY .macro	FROM_,TO_,SECT_
    93                             D    	mov.w	#(FROM_ & 0FFFFH),A0
    94                             D    	mov.b	#(FROM_ >>16),R1H
    95                             D    	mov.w	#TO_ ,A1
    96                             D    	mov.w	#sizeof SECT_ , R3
    97                             D    	smovf.b
    98                                  	.endm
    99                                  
   100                             D    BZERO	.macro	TOP_,SECT_
   101                             D    	push.w	#sizeof SECT_ >> 16
   102                             D    	push.w	#sizeof SECT_  & 0ffffh
   103                             D    	pusha	TOP_ >>16
   104                             D    	pusha	TOP_ & 0ffffh
   105                             D    	.stk	8
   106                             D    	.glb	_bzero	
   107                             D    	.call	_bzero,G
   108                             D    	jsr.a	_bzero
   109                                  	.endm
   110                                  
   111                             D    BCOPY	.macro	FROM_ ,TO_ ,SECT_
   112                             D    	push.w	#sizeof SECT_  >> 16
   113                             D    	push.w	#sizeof SECT_  & 0ffffh
   114                             D    	pusha	TO_ >>16
   115                             D    	pusha	TO_  & 0ffffh
   116                             D    	pusha	FROM_ >>16
   117                             D    	pusha	FROM_  & 0ffffh
   118                             D    	.stk	12
   119                             D    	.glb	_bcopy
   120                             D    	.call   _bcopy,G
   121                             D    	jsr.a	_bcopy
   122                                  	.endm
   123                                  
   124                                  .if	__R8C__ != 1
* R8C/Tiny,M16C/60 SERIES ASSEMBLER *   SOURCE LIST       Thu Jan 24 13:58:37 2008  PAGE 003

  SEQ.  LOC.   OBJ.              0XMSDA ....*....SOURCE STATEMENT....7....*....8....*....9....*....0....*....1....*....2....*....3....*....4

   125                                  ;
   126                                  ; for M16C/60,30,20,10 series
   127                                  ;
   128                                  ;		.glb	__BankSelect
   129                                  ;__BankSelect	.equ	0BH
   130                                  
   131                                  ;---------------------------------------------------------------
   132                                  ; special page definition
   133                                  ;---------------------------------------------------------------
   134                                  ;       macro define for special page
   135                                  ;
   136                                  ;Format:
   137                                  ;	SPECIAL	number
   138                                  ;
   139                                  
   140                             D    SPECIAL	.macro	NUM
   141                             D    	.org	0FFFFEH-(NUM*2)
   142                             D    	.glb	__SPECIAL_@NUM
   143                             D    	.word	__SPECIAL_@NUM  & 0FFFFH
   144                                  .endm
   145                                  ;====================================================================
   146                                  ; Interrupt section start
   147                                  ;---------------------------------------------------------------------
   148                                  	.insf	start,S,0
   149                                  	.glb	start
   150                                  	.section	interrupt
   151  00000                           start:
   152                                  ;---------------------------------------------------------------------
   153                                  ; after reset,this program will start
   154                                  ;---------------------------------------------------------------------
   155  00000  EB400000r                	ldc	#istack_top,	isp	;set istack pointer
   156  00004  C7020A00              S  	mov.b	#02h,0ah
   157  00008  B70400                Z  	mov.b	#00h,04h		;set processer mode 
   158  0000B  B70A00                Z  	mov.b	#00h,0ah
   159  0000E  EB308000                 	ldc	#0080h,	flg
   160  00012  EB500000r                	ldc	#stack_top,	sp	;set stack pointer 
   161  00016  EB600005                 	ldc	#data_SE_top,	sb	;set sb register 
   162  0001A  EB200F00                 	ldintb	#VECTOR_ADR
               EB1000FD 
   163  00022  EB64                     	fset	i
   164                                  
   165                                  ;====================================================================
   166                                  ; NEAR area initialize.
   167                                  ;--------------------------------------------------------------------
   168                                  ; bss zero clear
   169                                  ;--------------------------------------------------------------------
   170                                  	N_BZERO	bss_SE_top,bss_SE
   171  00024  B4                  M Z  	mov.b	#00H, R0L
   172  00025  AA0000r             M S  	mov.w	#(bss_SE_top & 0FFFFH), A1
   173  00028  75C30000r           M    	mov.w	#sizeof bss_SE , R3
   174  0002C  7CEA                M    	sstr.b	
   175                             M    	.endm
   176                                  	N_BZERO	bss_SO_top,bss_SO
   177  0002E  B4                  M Z  	mov.b	#00H, R0L
   178  0002F  AA0000r             M S  	mov.w	#(bss_SO_top & 0FFFFH), A1
   179  00032  75C30000r           M    	mov.w	#sizeof bss_SO , R3
   180  00036  7CEA                M    	sstr.b	
   181                             M    	.endm
   182                                  	N_BZERO	bss_NE_top,bss_NE
   183  00038  B4                  M Z  	mov.b	#00H, R0L
   184  00039  AA0000r             M S  	mov.w	#(bss_NE_top & 0FFFFH), A1
   185  0003C  75C30000r           M    	mov.w	#sizeof bss_NE , R3
* R8C/Tiny,M16C/60 SERIES ASSEMBLER *   SOURCE LIST       Thu Jan 24 13:58:37 2008  PAGE 004

  SEQ.  LOC.   OBJ.              0XMSDA ....*....SOURCE STATEMENT....7....*....8....*....9....*....0....*....1....*....2....*....3....*....4

   186  00040  7CEA                M    	sstr.b	
   187                             M    	.endm
   188                                  	N_BZERO	bss_NO_top,bss_NO
   189  00042  B4                  M Z  	mov.b	#00H, R0L
   190  00043  AA0000r             M S  	mov.w	#(bss_NO_top & 0FFFFH), A1
   191  00046  75C30000r           M    	mov.w	#sizeof bss_NO , R3
   192  0004A  7CEA                M    	sstr.b	
   193                             M    	.endm
   194                                  
   195                                  ;---------------------------------------------------------------------
   196                                  ; initialize data section
   197                                  ;---------------------------------------------------------------------
   198                                  	N_BCOPY data_SEI_top,data_SE_top,data_SE
   199  0004C  A20000r             M S  	mov.w	#(data_SEI_top & 0FFFFH),A0
   200  0004F  74C300r             M    	mov.b	#(data_SEI_top >>16),R1H
   201  00052  AA0005              M S  	mov.w	#data_SE_top ,A1
   202  00055  75C30000r           M    	mov.w	#sizeof data_SE , R3
   203  00059  7CE8                M    	smovf.b
   204                             M    	.endm
   205                                  	N_BCOPY	data_SOI_top,data_SO_top,data_SO
   206  0005B  A20000r             M S  	mov.w	#(data_SOI_top & 0FFFFH),A0
   207  0005E  74C300r             M    	mov.b	#(data_SOI_top >>16),R1H
   208  00061  AA0000r             M S  	mov.w	#data_SO_top ,A1
   209  00064  75C30000r           M    	mov.w	#sizeof data_SO , R3
   210  00068  7CE8                M    	smovf.b
   211                             M    	.endm
   212                                  	N_BCOPY	data_NEI_top,data_NE_top,data_NE
   213  0006A  A20000r             M S  	mov.w	#(data_NEI_top & 0FFFFH),A0
   214  0006D  74C300r             M    	mov.b	#(data_NEI_top >>16),R1H
   215  00070  AA0000r             M S  	mov.w	#data_NE_top ,A1
   216  00073  75C30000r           M    	mov.w	#sizeof data_NE , R3
   217  00077  7CE8                M    	smovf.b
   218                             M    	.endm
   219                                  	N_BCOPY	data_NOI_top,data_NO_top,data_NO
   220  00079  A20000r             M S  	mov.w	#(data_NOI_top & 0FFFFH),A0
   221  0007C  74C300r             M    	mov.b	#(data_NOI_top >>16),R1H
   222  0007F  AA0000r             M S  	mov.w	#data_NO_top ,A1
   223  00082  75C30000r           M    	mov.w	#sizeof data_NO , R3
   224  00086  7CE8                M    	smovf.b
   225                             M    	.endm
   226                                  
   227                                  ;====================================================================
   228                                  ; FAR area initialize.
   229                                  ;---------------------------------------------------------------------
   230                                  ; bss zero clear
   231                                  ;---------------------------------------------------------------------
   232                                  	BZERO	bss_FE_top,bss_FE
   233  00088  7DE20000r           M    	push.w	#sizeof bss_FE >> 16
   234  0008C  7DE20000r           M    	push.w	#sizeof bss_FE  & 0ffffh
   235  00090  7D9F0000r           M    	pusha	bss_FE_top >>16
   236  00094  7D9F0000r           M    	pusha	bss_FE_top & 0ffffh
   237                             M    	.stk	8
   238                             M    	.glb	_bzero	
   239                             M    	.call	_bzero,G
   240  00098  FD000000r           M A  	jsr.a	_bzero
   241                             M    	.endm
   242                                  	BZERO	bss_FO_top,bss_FO
   243  0009C  7DE20000r           M    	push.w	#sizeof bss_FO >> 16
   244  000A0  7DE20000r           M    	push.w	#sizeof bss_FO  & 0ffffh
   245  000A4  7D9F0000r           M    	pusha	bss_FO_top >>16
   246  000A8  7D9F0000r           M    	pusha	bss_FO_top & 0ffffh
   247                             M    	.stk	8
* R8C/Tiny,M16C/60 SERIES ASSEMBLER *   SOURCE LIST       Thu Jan 24 13:58:37 2008  PAGE 005

  SEQ.  LOC.   OBJ.              0XMSDA ....*....SOURCE STATEMENT....7....*....8....*....9....*....0....*....1....*....2....*....3....*....4

   248                             M    	.glb	_bzero	
   249                             M    	.call	_bzero,G
   250  000AC  FD000000r           M A  	jsr.a	_bzero
   251                             M    	.endm
   252                                  
   253                                  ;---------------------------------------------------------------------
   254                                  ; Copy edata_E(O) section from edata_EI(OI) section
   255                                  ;---------------------------------------------------------------------
   256                                  	BCOPY	data_FEI_top,data_FE_top,data_FE
   257  000B0  7DE20000r           M    	push.w	#sizeof data_FE  >> 16
   258  000B4  7DE20000r           M    	push.w	#sizeof data_FE  & 0ffffh
   259  000B8  7D9F0F00            M    	pusha	data_FE_top >>16
   260  000BC  7D9F00B0            M    	pusha	data_FE_top  & 0ffffh
   261  000C0  7D9F0000r           M    	pusha	data_FEI_top >>16
   262  000C4  7D9F0000r           M    	pusha	data_FEI_top  & 0ffffh
   263                             M    	.stk	12
   264                             M    	.glb	_bcopy
   265                             M    	.call   _bcopy,G
   266  000C8  FD000000r           M A  	jsr.a	_bcopy
   267                             M    	.endm
   268                                  	BCOPY	data_FOI_top,data_FO_top,data_FO
   269  000CC  7DE20000r           M    	push.w	#sizeof data_FO  >> 16
   270  000D0  7DE20000r           M    	push.w	#sizeof data_FO  & 0ffffh
   271  000D4  7D9F0000r           M    	pusha	data_FO_top >>16
   272  000D8  7D9F0000r           M    	pusha	data_FO_top  & 0ffffh
   273  000DC  7D9F0000r           M    	pusha	data_FOI_top >>16
   274  000E0  7D9F0000r           M    	pusha	data_FOI_top  & 0ffffh
   275                             M    	.stk	12
   276                             M    	.glb	_bcopy
   277                             M    	.call   _bcopy,G
   278  000E4  FD000000r           M A  	jsr.a	_bcopy
   279                             M    	.endm
   280                                  
   281  000E8  EB500000r                	ldc	#stack_top,sp
   282                                  	.stk	-40
   283                                  
   284                                  ;====================================================================
   285                                  ; heap area initialize
   286                                  ;---------------------------------------------------------------------
   287                                  .if __HEAP__ != 1
   288                                  	.glb	__mbase
   289                                  	.glb	__mnext
   290                                  	.glb	__msize
   291  000EC  75CF0000r0000r           	mov.w	#(heap_top&0FFFFH), __mbase
   292  000F2  75CF0000r0000r           	mov.w	#(heap_top>>16), __mbase+2
   293  000F8  75CF0000r0000r           	mov.w	#(heap_top&0FFFFH), __mnext
   294  000FE  75CF0000r0000r           	mov.w	#(heap_top>>16), __mnext+2
   295  00104  75CF0000r0003            	mov.w	#(HEAPSIZE&0FFFFH), __msize
   296  0010A  D90F0000r             Q  	mov.w	#(HEAPSIZE>>16), __msize+2
   297                                  .endif
   298                                  
   299                                  ;====================================================================
   300                                  ; Initialize standard I/O
   301                                  ;---------------------------------------------------------------------
   302                                  .if __STANDARD_IO__ == 1
   303                                  .endif
   304                                  
   305                                  ;====================================================================
   306                                  ; Call main() function
   307                                  ;---------------------------------------------------------------------
   308  0010E  EB700000                 	ldc	#0h,fb	; for debuger
   309                                  
* R8C/Tiny,M16C/60 SERIES ASSEMBLER *   SOURCE LIST       Thu Jan 24 13:58:37 2008  PAGE 006

  SEQ.  LOC.   OBJ.              0XMSDA ....*....SOURCE STATEMENT....7....*....8....*....9....*....0....*....1....*....2....*....3....*....4

   310                                  	.glb	_main
   311  00112  FD000000r             A  	jsr.a	_main
   312                                  
   313                                  .else	; __R8C__
   314                            X     .if __HEAP__ != 1
   315                            X     .endif
   316                            X     .if __STANDARD_IO__ == 1
   317                            X     .endif
   318                                  .endif	; __R8C__
   319                                  
   320                                  ;====================================================================
   321                                  ; exit() function
   322                                  ;---------------------------------------------------------------------
   323                                  	.glb	_exit
   324                                  	.glb	$exit
   325  00116                           _exit:			   ; End program
   326  00116                           $exit:
   327  00116  FEFF                  B  	jmp	_exit
   328                                  	.einsf
   329                                  ;====================================================================
   330                                  ; dummy interrupt function
   331                                  ;---------------------------------------------------------------------
   332                                  	.glb	dummy_int
   333  00118                           dummy_int:
   334  00118  FB                       	reit
   335                                  
   336                                  	.end

Information List

TOTAL ERROR(S)    00000
TOTAL WARNING(S)  00000
TOTAL LINE(S)     00336   LINES

Section List

Attr        Size          Name
DATA     0000000(00000H)  data_SE
DATA     0000000(00000H)  bss_SE
DATA     0000000(00000H)  data_SO
DATA     0000000(00000H)  bss_SO
DATA     0000000(00000H)  data_NE
DATA     0000000(00000H)  bss_NE
DATA     0000000(00000H)  data_NO
DATA     0000000(00000H)  bss_NO
DATA     0001536(00600H)  stack
DATA     0000768(00300H)  heap
ROMDATA  0000000(00000H)  rom_NE
ROMDATA  0000000(00000H)  rom_NO
DATA     0000000(00000H)  data_FE
DATA     0000000(00000H)  bss_FE
DATA     0000000(00000H)  data_FO
DATA     0000000(00000H)  bss_FO
ROMDATA  0000000(00000H)  rom_FE
ROMDATA  0000000(00000H)  rom_FO
ROMDATA  0000000(00000H)  data_SEI
ROMDATA  0000000(00000H)  data_SOI
ROMDATA  0000000(00000H)  data_NEI
ROMDATA  0000000(00000H)  data_NOI
ROMDATA  0000000(00000H)  data_FEI
ROMDATA  0000000(00000H)  data_FOI
ROMDATA  0000000(00000H)  switch_table
CODE     0000000(00000H)  program
CODE     0000000(00000H)  interrupt
CODE     0000000(00000H)  program_S
ROMDATA  0000256(00100H)  vector
ROMDATA  0000000(00000H)  svector
ROMDATA  0000004(00004H)  fvector
CODE     0000281(00119H)  interrupt
