[CommunicationLog]
R [34F17FEC] : 0
S [34F17FCD] : (410F066000080)
R [34F17FCD] : 0
S [34F17FBD] : (410F060000080)
R [34F17FBD] : 0
S [34F17F9E] : (410F05E000080)
R [34F17D0D] : 012EB00000000000003F10000085B00000000000000000000000000000783085700450F062D04000FF800
S [34F17CFE] : (40)
R [34F17CFE] : 01
S [34F17CFE] : (34)
R [34F17CFE] : 010F062D
S [34F17CEE] : (35)
R [34F17CEE] : 012EB00000000000003F10000085B00000000000000000000000000000783085700450F062D04000FF800
S [34F17CDF] : (40)
R [34F17CDF] : 01
S [34F17CBF] : (34)
R [34F17CBF] : 010F062D
S [34F17CBF] : (35)
R [34F17BA6] : 00
S [34F17BA6] : (34)
R [34F17BA6] : 00
S [34F17BA6] : (34)
R [34F177AE] : 00
S [34F177AE] : (34)
R [34F177AE] : 00
S [34F177AE] : (34)
R [34F173B7] : 00
S [34F173B7] : (34)
R [34F173B7] : 00
S [34F173B7] : (34)
R [34F16FBF] : 00
S [34F16FBF] : (34)
R [34F16FBF] : 00
S [34F16FBF] : (34)
R [34F16BC8] : 00
S [34F16BC8] : (34)
R [34F16BC8] : 00
S [34F16BC8] : (34)
R [34F167D0] : 00
S [34F167D0] : (34)
R [34F167D0] : 00
S [34F167D0] : (34)
R [34F163D8] : 00
S [34F163D8] : (34)
R [34F163D8] : 00
S [34F163D8] : (34)
R [34F15FE1] : 00
S [34F15FE1] : (34)
R [34F15FE1] : 00
S [34F15FE1] : (34)
R [34F15BE9] : 00
S [34F15BE9] : (34)
R [34F15BE9] : 00
S [34F15BE9] : (34)
R [34F15801] : 00
S [34F157F1] : (34)
R [34F157F1] : 00
S [34F157F1] : (34)
R [34F153FA] : 00
S [34F153FA] : (34)
R [34F153FA] : 00
S [34F153FA] : (34)
R [34F15002] : 00
S [34F15002] : (34)
R [34F15002] : 00
S [34F15002] : (34)
R [34F14C0B] : 00
S [34F14C0B] : (34)
R [34F14C0B] : 00
S [34F14C0B] : (34)
R [34F14813] : 00
S [34F14813] : (34)
R [34F14813] : 00
S [34F14813] : (34)
R [34F1441B] : 00
S [34F1441B] : (34)
R [34F1441B] : 00
S [34F1441B] : (34)
R [34F14033] : 00
S [34F14024] : (34)
R [34F14024] : 00
S [34F14024] : (34)
R [34F13C2C] : 00
S [34F13C2C] : (34)
R [34F13C2C] : 00
S [34F13C2C] : (34)
R [34F13844] : 00
S [34F13834] : (34)
R [34F13834] : 00
S [34F13834] : (34)
R [34F1343D] : 00
S [34F1343D] : (34)
R [34F1343D] : 00
S [34F1343D] : (34)
R [34F13045] : 00
S [34F13045] : (34)
R [34F13045] : 00
S [34F13045] : (34)
R [34F12C4E] : 00
S [34F12C4E] : (34)
R [34F12C4E] : 00
S [34F12C4E] : (34)
R [34F12856] : 00
S [34F12856] : (34)
R [34F12856] : 00
S [34F12856] : (34)
R [34F1245E] : 00
S [34F1245E] : (34)
R [34F1245E] : 00
S [34F1245E] : (34)
R [34F12067] : 00
S [34F12067] : (34)
R [34F12067] : 00
S [34F12067] : (34)
R [34F11C6F] : 00
S [34F11C6F] : (34)
R [34F11C6F] : 00
S [34F11C6F] : (34)
R [34F11877] : 00
S [34F11877] : (34)
R [34F11877] : 00
S [34F11877] : (34)
R [34F11480] : 00
S [34F11480] : (34)
R [34F11480] : 00
S [34F11480] : (34)
R [34F11088] : 00
S [34F11088] : (34)
R [34F11088] : 00
S [34F11088] : (34)
R [34F10C91] : 00
S [34F10C91] : (34)
R [34F10C91] : 00
S [34F10C91] : (34)
R [34F10899] : 00
S [34F10899] : (34)
R [34F10899] : 00
S [34F10899] : (34)
R [34F104A1] : 00
S [34F104A1] : (34)
R [34F104A1] : 00
S [34F104A1] : (34)
R [34F100AA] : 00
S [34F100AA] : (34)
R [34F100AA] : 00
S [34F100AA] : (34)
R [34F0FCB2] : 00
S [34F0FCB2] : (34)
R [34F0FCB2] : 00
S [34F0FCB2] : (34)
R [34F0F8BA] : 00
S [34F0F8BA] : (34)
R [34F0F8BA] : 00
S [34F0F8BA] : (34)
R [34F0F4C3] : 00
S [34F0F4C3] : (34)
R [34F0F4C3] : 00
S [34F0F4C3] : (34)
R [34F0F0CB] : 00
S [34F0F0CB] : (34)
R [34F0F0CB] : 00
S [34F0F0CB] : (34)
R [34F0ECD4] : 00
S [34F0ECD4] : (34)
R [34F0ECD4] : 00
S [34F0ECD4] : (34)
R [34F0E8DC] : 00
S [34F0E8DC] : (34)
R [34F0E8DC] : 00
S [34F0E8DC] : (34)
R [34F0E4E4] : 00
S [34F0E4E4] : (34)
R [34F0E4E4] : 00
S [34F0E4E4] : (34)
R [34F0E0ED] : 00
S [34F0E0ED] : (34)
R [34F0E0ED] : 00
S [34F0E0ED] : (34)
R [34F0DCF5] : 00
S [34F0DCF5] : (34)
R [34F0DCF5] : 00
S [34F0DCF5] : (34)
R [34F0D8FD] : 00
S [34F0D8FD] : (34)
R [34F0D8FD] : 00
S [34F0D8FD] : (34)
R [34F0D506] : 00
S [34F0D506] : (34)
R [34F0D506] : 00
S [34F0D506] : (34)
R [34F0D10E] : 00
S [34F0D10E] : (34)
R [34F0D10E] : 00
S [34F0D10E] : (34)
R [34F0CD17] : 00
S [34F0CD17] : (34)
R [34F0CD17] : 00
S [34F0CD17] : (34)
R [34F0C91F] : 00
S [34F0C91F] : (34)
R [34F0C91F] : 00
S [34F0C91F] : (34)
R [34F0C527] : 00
S [34F0C527] : (34)
R [34F0C527] : 00
S [34F0C527] : (34)
R [34F0C130] : 00
S [34F0C130] : (34)
R [34F0C130] : 00
S [34F0C130] : (34)
R [34F0BD38] : 00
S [34F0BD38] : (34)
R [34F0BD38] : 00
S [34F0BD38] : (34)
R [34F0B940] : 00
S [34F0B940] : (34)
R [34F0B940] : 00
S [34F0B940] : (34)
R [34F0B931] : 00
S [34F0B931] : (34)
R [34F0B931] : 0
S [34F0B8E3] : (330F2813)
R [34F0B8E3] : 00000000000000000000000000000000000000000000000000000000000000B8400010F28130000000000
S [34F0B8B4] : (40)
R [34F07561] : 0
S [34F07513] : (21)
R [34F07513] : 0
S [34F06043] : 0B
R [34F06043] : 0
S [34F05C1D] : (0B)
R [34F05BDE] : 0
S [34F059CB] : (07)
R [34EF72B7] : 0
S [34EF72B7] : (4100040210001)
R [34EF72B7] : 0
S [34EF72A7] : (4100040210001)
R [34EF72A7] : 0
S [34EF72A7] : (4100040210001)
R [34EF6895] : 01DBD00000000000003F10000085B00000000000000000000000000000783085700410F063504000FF800
S [34EF6885] : (40)
R [34EF6885] : 01
S [34EF6885] : (34)
R [34EF6885] : 010F0635
S [34EF6876] : (35)
R [34EF6876] : 01DBD00000000000003F10000085B00000000000000000000000000000783085700410F063504000FF800
S [34EF6866] : (40)
R [34EF6866] : 01
S [34EF6847] : (34)
R [34EF6847] : 010F0635
S [34EF6847] : (35)
R [34EF649D] : 00
S [34EF649D] : (34)
R [34EF649D] : 00
S [34EF649D] : (34)
R [34EF60A6] : 00
S [34EF60A6] : (34)
R [34EF60A6] : 00
S [34EF60A6] : (34)
R [34EF5CAE] : 00
S [34EF5CAE] : (34)
R [34EF5CAE] : 00
S [34EF5CAE] : (34)
R [34EF58B6] : 00
S [34EF58B6] : (34)
R [34EF58B6] : 00
S [34EF58B6] : (34)
R [34EF54BF] : 00
S [34EF54BF] : (34)
R [34EF54BF] : 00
S [34EF54BF] : (34)
R [34EF50C7] : 00
S [34EF50C7] : (34)
R [34EF50C7] : 00
S [34EF50C7] : (34)
R [34EF4CD0] : 00
S [34EF4CD0] : (34)
R [34EF4CD0] : 00
S [34EF4CD0] : (34)
R [34EF48D8] : 00
S [34EF48D8] : (34)
R [34EF48D8] : 00
S [34EF48D8] : (34)
R [34EF44E0] : 00
S [34EF44E0] : (34)
R [34EF44E0] : 00
S [34EF44E0] : (34)
R [34EF40E9] : 00
S [34EF40E9] : (34)
R [34EF40E9] : 00
S [34EF40E9] : (34)
R [34EF3CF1] : 00
S [34EF3CF1] : (34)
R [34EF3CF1] : 00
S [34EF3CF1] : (34)
R [34EF38F9] : 00
S [34EF38F9] : (34)
R [34EF38F9] : 00
S [34EF38F9] : (34)
R [34EF3502] : 00
S [34EF3502] : (34)
