[CommunicationLog]
R [05754710] : 0
S [05754710] : (201F0254)
R [056762E9] : 000050031000F00000AAC0000000000000000000000000000000000000AD00DD300800F01D504000FF800
S [056762D9] : (40)
R [056762D9] : 0001
S [0567629B] : (380001)
R [0567629B] : 0
S [0567629B] : (410F038000020)
R [056722F2] : 0
S [056722F2] : (41000AE800001)
R [056722F2] : 0
S [056722E2] : (41000AE700001)
R [056722E2] : 0
S [056722E2] : (41000AE600001)
R [056722E2] : 0
S [056722D3] : (41000AE500001)
R [056722D3] : 0
S [056722D3] : (41000AE400001)
R [056722D3] : 0
S [056722C3] : (41000AE300001)
R [056722C3] : 0
S [056722C3] : (41000AE200001)
R [056722C3] : 0
S [056722B3] : (41000AE100001)
R [056722B3] : 0
S [056722B3] : (41000AE000001)
R [056722B3] : 0
S [056722A4] : (41000ADF00001)
R [056722A4] : 0
S [056722A4] : (41000ADE00001)
R [056722A4] : 0
S [05672294] : (41000ADD00001)
R [05672294] : 0
S [05672294] : (41000ADC00001)
R [05672294] : 0
S [05672285] : (41000ADB00001)
R [05672285] : 0
S [05672285] : (41000ADA00001)
R [05672285] : 0
S [05672275] : (41000AD900001)
R [05672275] : 0
S [05672275] : (41000AD800001)
R [05672275] : 0
S [05672265] : (41000AD700001)
R [05672265] : 0
S [05672265] : (41000AD600001)
R [05672265] : 0
S [05672256] : (41000AD500001)
R [05672256] : 0
S [05672256] : (41000AD400001)
R [05672256] : 0
S [05672246] : (41000AD300001)
R [05672246] : 0
S [05672246] : (41000AD200001)
R [05672246] : 0
S [05672236] : (41000AD100001)
R [05672236] : 0
S [05672236] : (41000AD000001)
R [05672236] : 0
S [05672227] : (41000ACF00001)
R [05672227] : 0
S [05672227] : (41000ACE00001)
R [05672227] : 0
S [05672217] : (41000ACD00001)
R [05672217] : 0
S [05672217] : (41000ACC00001)
R [05672217] : 0
S [05672208] : (41000ACB00001)
R [05672208] : 0
S [05672208] : (41000ACB00001)
R [05672208] : 0
S [056721F8] : (41000AC400001)
R [056721F8] : 0
S [056721F8] : (41000AC300001)
R [056721F8] : 0
S [056721E8] : (41000AC200001)
R [056721E8] : 0
S [056721E8] : (41000AC100001)
R [056721E8] : 0
S [056721D9] : (41000AC000001)
R [056721D9] : 0
S [056721D9] : (41000ABF00001)
R [056721D9] : 0
S [056721C9] : (41000ABE00001)
R [056721C9] : 0
S [056721C9] : (41000ABD00001)
R [056721C9] : 0
S [056721B9] : (41000ABC00001)
R [056721B9] : 0
S [056721B9] : (41000ABB00001)
R [056721B9] : 0
S [056721AA] : (41000ABA00001)
R [056721AA] : 0
S [056721AA] : (41000AB900001)
R [056721AA] : 0
S [0567219A] : (41000AB800001)
R [0567219A] : 0
S [0567219A] : (41000AB700001)
R [0567219A] : 0
S [0567218B] : (41000AB600001)
R [0567218B] : 0
S [0567218B] : (41000AB500001)
R [0567218B] : 0
S [0567217B] : (41000AB400001)
R [0567217B] : 0
S [0567217B] : (41000AB300001)
R [0567217B] : 0
S [0567216B] : (41000AB200001)
R [0567216B] : 0
S [0567216B] : (41000AB100001)
R [0567216B] : 0
S [0567215C] : (41000AB000001)
R [0567215C] : 0
S [0567215C] : (41000AAF00001)
R [0567215C] : 0
S [0567214C] : (41000AAE00001)
R [0567214C] : 0
S [0567214C] : (41000AAD00001)
R [0567214C] : 0
S [0567214C] : (41000AAC00001)
R [0567213C] : 0
S [0567213C] : (41000AAB00001)
R [0567213C] : 0
S [0567213C] : (41000AAA00001)
R [0567213C] : 0
S [0567212D] : (41000AA900001)
R [0567212D] : 0
S [0567212D] : (41000AA800001)
R [0567212D] : 0
S [0567211D] : (41000AA700001)
R [0567211D] : 0
S [0567211D] : (41000AAC00001)
R [0567211D] : 0
S [0567210E] : (41000AAB00001)
R [0567210E] : 0
S [0567210E] : (41000AAA00001)
R [0567210E] : 0
S [056720FE] : (41000AA900001)
R [056720FE] : 0
S [056720FE] : (41000AA800001)
R [056720FE] : 0
S [056720EE] : (41000AA700001)
R [056720EE] : 0
S [056720EE] : (41000AC500002)
R [056720EE] : 0
S [056720DF] : (41000AC700002)
R [056720DF] : 0
S [056720DF] : (41000AC900002)
R [056720CF] : 000050031000F00000AAC00000ACB00000000000000000000000000000AA70DD300800F039404000FF800
S [056720BF] : (40)
R [056720BF] : 000050031000F00000AAC00000ACB00000000000000000000000000000AA70DD300800F039404000FF800
S [056720B0] : (40)
R [056720B0] : 0001
S [05672071] : (380001)
R [05672071] : 0
S [05672071] : (410F038000020)
R [05672071] : 000050031000F00000AAC00000ACB00000000000000000000000000000A9D0DD300800F039104000FF800
S [05672062] : (40)
R [05672062] : 01
S [05672042] : (34)
R [05672042] : 0
S [05672033] : (320F038D 0F0391)
R [05672033] : 0
S [05672033] : (410F038000020)
R [05672033] : 000040031000F00000AAB00000ACB00000000000000000000000000000A9D0DD300800F038D04000FF800
S [05672023] : (40)
R [05672023] : 0001
S [05671FE5] : (380001)
R [05671FE5] : 0
S [05671FD5] : (410F038000020)
R [05671FD5] : 000040031000F00000AAB00000ACB00000000000000000000000000000A9F0DD300800F038A04000FF800
S [05671FC5] : (40)
R [05671FC5] : 0001
S [05671F87] : (380001)
R [05671F87] : 0
S [05671F87] : (410F038000020)
R [05671F87] : 000040031000F00000AAB00000ACB00000000000000000000000000000AA10DD300800F038604000FF800
S [05671F77] : (40)
R [05671F77] : 0001
S [05671F39] : (380001)
R [05671F39] : 0
S [05671F29] : (410F038000020)
R [05671F29] : 000040031000F00000AAB00000ACB00000000000000000000000000000AA30DD300800F038204000FF800
S [05671F1A] : (40)
R [05671F1A] : 0001
S [05671EDB] : (380001)
R [05671EDB] : 0
S [05671EDB] : (410F036000020)
R [05671EBC] : 000040031000F00000AAB00000ACB00000000000000000000000000000AA50DD300800F037E04000FF800
S [05671EAC] : (40)
R [05671EAC] : 0001
S [05671E6E] : (380001)
R [05671E6E] : 0
S [05671E5E] : (410F036000020)
R [0566F8B5] : 0
S [0566F8B5] : (41000AE800001)
R [0566F8B5] : 0
S [0566F8A6] : (41000AE700001)
R [0566F8A6] : 0
S [0566F8A6] : (41000AE600001)
R [0566F8A6] : 0
S [0566F896] : (41000AE500001)
R [0566F896] : 0
S [0566F896] : (41000AE400001)
R [0566F896] : 0
S [0566F887] : (41000AE300001)
R [0566F887] : 0
S [0566F887] : (41000AE200001)
R [0566F887] : 0
S [0566F887] : (41000AE100001)
R [0566F887] : 0
S [0566F877] : (41000AE000001)
R [0566F877] : 0
S [0566F877] : (41000ADF00001)
R [0566F877] : 0
S [0566F867] : (41000ADE00001)
R [0566F867] : 0
S [0566F858] : (41000ADD00001)
R [0566F858] : 0
S [0566F858] : (41000ADC00001)
R [0566F858] : 0
S [0566F858] : (41000ADB00001)
R [0566F848] : 0
S [0566F848] : (41000ADA00001)
R [0566F848] : 0
S [0566F848] : (41000AD900001)
R [0566F848] : 0
S [0566F838] : (41000AD800001)
R [0566F838] : 0
S [0566F838] : (41000AD700001)
R [0566F838] : 0
S [0566F829] : (41000AD600001)
R [0566F829] : 0
S [0566F829] : (41000AD500001)
R [0566F829] : 0
S [0566F819] : (41000AD400001)
R [0566F819] : 0
S [0566F819] : (41000AD300001)
R [0566F80A] : 0
S [0566F80A] : (41000AD200001)
R [0566F80A] : 0
S [0566F80A] : (41000AD100001)
R [0566F7FA] : 0
S [0566F7FA] : (41000AD000001)
R [0566F7FA] : 0
S [0566F7EA] : (41000ACF00001)
R [0566F7EA] : 0
S [0566F7EA] : (41000ACE00001)
R [0566F7EA] : 0
S [0566F7DB] : (41000ACD00001)
R [0566F7DB] : 0
S [0566F7DB] : (41000ACC00001)
R [0566F7DB] : 0
S [0566F7DB] : (41000ACB00001)
R [0566F7DB] : 0
S [0566F7CB] : (41000ACB00001)
R [0566F7CB] : 0
S [0566F7CB] : (41000AC400001)
R [0566F7CB] : 0
S [0566F7BB] : (41000AC300001)
R [0566F7BB] : 0
S [0566F7BB] : (41000AC200001)
R [0566F7AC] : 0
S [0566F7AC] : (41000AC100001)
R [0566F7AC] : 0
S [0566F79C] : (41000AC000001)
R [0566F79C] : 0
S [0566F79C] : (41000ABF00001)
R [0566F79C] : 0
S [0566F78D] : (41000ABE00001)
R [0566F78D] : 0
S [0566F78D] : (41000ABD00001)
R [0566F78D] : 0
S [0566F77D] : (41000ABC00001)
R [0566F77D] : 0
S [0566F77D] : (41000ABB00001)
R [0566F77D] : 0
S [0566F76D] : (41000ABA00001)
R [0566F76D] : 0
S [0566F76D] : (41000AB900001)
R [0566F76D] : 0
S [0566F75E] : (41000AB800001)
R [0566F75E] : 0
S [0566F75E] : (41000AB700001)
R [0566F75E] : 0
S [0566F75E] : (41000AB600001)
R [0566F74E] : 0
S [0566F74E] : (41000AB500001)
R [0566F74E] : 0
S [0566F74E] : (41000AB400001)
R [0566F74E] : 0
S [0566F73E] : (41000AB300001)
R [0566F73E] : 0
S [0566F73E] : (41000AB200001)
R [0566F73E] : 0
S [0566F72F] : (41000AB100001)
R [0566F72F] : 0
S [0566F72F] : (41000AB000001)
R [0566F72F] : 0
S [0566F71F] : (41000AAF00001)
